2023-09-10 04:43:55,535 - info_logger - INFO - Processando Pedido: {'OrderId': '63193f5f-4464-4631-b084-305dada3b998', 'PaymentType': 1, 'CardNumber': '012002'}
2023-09-10 04:43:55,537 - info_logger - INFO - Pedido 63193f5f-4464-4631-b084-305dada3b998 Processads :: Status 1
2023-09-10 04:43:56,427 - info_logger - INFO - Processando Pedido: {'OrderId': '49683e16-6af1-49a9-890c-c273740c3d1c', 'PaymentType': 1, 'CardNumber': '012002'}
2023-09-10 04:43:56,427 - info_logger - INFO - Pedido 49683e16-6af1-49a9-890c-c273740c3d1c Processads :: Status 1
2023-09-10 04:43:57,274 - info_logger - INFO - Processando Pedido: {'OrderId': '9f7f1b48-27e7-4e9c-8e0b-3f08b2deb385', 'PaymentType': 1, 'CardNumber': '012002'}
2023-09-10 04:43:57,286 - info_logger - INFO - Pedido 9f7f1b48-27e7-4e9c-8e0b-3f08b2deb385 Processads :: Status 1
2023-09-10 04:43:57,969 - info_logger - INFO - Processando Pedido: {'OrderId': '392972bc-6275-4c50-b891-d49096e9a0d3', 'PaymentType': 1, 'CardNumber': '012002'}
2023-09-10 04:43:57,970 - info_logger - INFO - Pedido 392972bc-6275-4c50-b891-d49096e9a0d3 Processads :: Status 1
2023-09-10 04:43:58,747 - info_logger - INFO - Processando Pedido: {'OrderId': '93ade08b-a635-41e8-bf84-afb4d246bcea', 'PaymentType': 1, 'CardNumber': '012002'}
2023-09-10 04:43:58,748 - info_logger - INFO - Pedido 93ade08b-a635-41e8-bf84-afb4d246bcea Processads :: Status 1
2023-09-10 04:43:59,608 - info_logger - INFO - Processando Pedido: {'OrderId': '805e3e0f-404b-4393-b9d8-bf29abb61317', 'PaymentType': 1, 'CardNumber': '012002'}
2023-09-10 04:43:59,609 - info_logger - INFO - Pedido 805e3e0f-404b-4393-b9d8-bf29abb61317 Processads :: Status 1
2023-09-10 04:44:00,381 - info_logger - INFO - Processando Pedido: {'OrderId': 'd5793fcc-66c7-4e09-94cf-fc9f8f30c8ef', 'PaymentType': 1, 'CardNumber': '012002'}
2023-09-10 04:44:00,382 - info_logger - INFO - Pedido d5793fcc-66c7-4e09-94cf-fc9f8f30c8ef Processads :: Status 1
2023-09-10 04:44:03,934 - info_logger - INFO - Processando Pedido: {'OrderId': 'b085696c-ba11-4236-b68b-a5d569c44acd', 'PaymentType': 2, 'CardNumber': '012002'}
2023-09-10 04:44:05,937 - info_logger - INFO - Pedido b085696c-ba11-4236-b68b-a5d569c44acd Processado :: Status 1
2023-09-10 04:44:05,941 - info_logger - INFO - Processando Pedido: {'OrderId': '41465d69-e829-44ac-8b39-c30b85bba7ae', 'PaymentType': 2, 'CardNumber': '012002'}
2023-09-10 04:44:07,944 - info_logger - INFO - Pedido 41465d69-e829-44ac-8b39-c30b85bba7ae Processado :: Status 1
2023-09-10 04:44:07,946 - info_logger - INFO - Processando Pedido: {'OrderId': 'ffba8a32-0f5d-41d5-860d-58e25c0e0c95', 'PaymentType': 2, 'CardNumber': '012002'}
2023-09-10 04:44:09,950 - info_logger - INFO - Pedido ffba8a32-0f5d-41d5-860d-58e25c0e0c95 Processado :: Status 1
2023-09-10 04:44:09,952 - info_logger - INFO - Processando Pedido: {'OrderId': 'bfe3209b-ae81-4328-a530-716e688bb700', 'PaymentType': 2, 'CardNumber': '012002'}
2023-09-10 04:44:11,956 - info_logger - INFO - Pedido bfe3209b-ae81-4328-a530-716e688bb700 Processado :: Status 1
2023-09-10 04:44:11,959 - info_logger - INFO - Processando Pedido: {'OrderId': '278f681a-7e91-4ea8-90ca-208833c0da04', 'PaymentType': 2, 'CardNumber': '012002'}
2023-09-10 04:44:13,962 - info_logger - INFO - Pedido 278f681a-7e91-4ea8-90ca-208833c0da04 Processado :: Status 1
2023-09-10 04:44:15,434 - info_logger - INFO - Processando Pedido: {'OrderId': '91b5c7a4-7117-4949-adeb-b04b9a1463ae', 'PaymentType': 2, 'CardNumber': '012002'}
2023-09-10 04:44:17,437 - info_logger - INFO - Pedido 91b5c7a4-7117-4949-adeb-b04b9a1463ae Processado :: Status 1
2023-09-10 04:44:19,503 - info_logger - INFO - Processando Pedido: {'OrderId': '22449c2c-aff9-4888-9304-bc5a61c4e2c9', 'PaymentType': 1, 'CardNumber': '012002'}
2023-09-10 04:44:19,505 - info_logger - INFO - Pedido 22449c2c-aff9-4888-9304-bc5a61c4e2c9 Processads :: Status 1
2023-09-10 04:44:20,404 - info_logger - INFO - Processando Pedido: {'OrderId': 'b031f3c2-b57e-44c4-a6f9-4c7e03049261', 'PaymentType': 1, 'CardNumber': '012002'}
2023-09-10 04:44:20,405 - info_logger - INFO - Pedido b031f3c2-b57e-44c4-a6f9-4c7e03049261 Processads :: Status 1
2023-09-10 04:44:21,194 - info_logger - INFO - Processando Pedido: {'OrderId': 'df375736-83ed-4923-8e89-77aeb7ac094e', 'PaymentType': 1, 'CardNumber': '012002'}
2023-09-10 04:44:21,195 - info_logger - INFO - Pedido df375736-83ed-4923-8e89-77aeb7ac094e Processads :: Status 1
2023-09-10 04:44:22,080 - info_logger - INFO - Processando Pedido: {'OrderId': '0bf5dcb0-beb5-4ed4-9ad9-3686d70fe311', 'PaymentType': 1, 'CardNumber': '012002'}
2023-09-10 04:44:22,081 - info_logger - INFO - Pedido 0bf5dcb0-beb5-4ed4-9ad9-3686d70fe311 Processads :: Status 1
2023-09-10 04:44:22,850 - info_logger - INFO - Processando Pedido: {'OrderId': '80b83bc8-1019-4eae-b457-8c9859da4078', 'PaymentType': 1, 'CardNumber': '012002'}
2023-09-10 04:44:22,851 - info_logger - INFO - Pedido 80b83bc8-1019-4eae-b457-8c9859da4078 Processads :: Status 1
2023-09-10 04:44:23,697 - info_logger - INFO - Processando Pedido: {'OrderId': 'c2c82f5e-b5d4-474f-9856-ef2219d96a48', 'PaymentType': 1, 'CardNumber': '012002'}
2023-09-10 04:44:23,698 - info_logger - INFO - Pedido c2c82f5e-b5d4-474f-9856-ef2219d96a48 Processads :: Status 1
2023-09-10 04:44:24,504 - info_logger - INFO - Processando Pedido: {'OrderId': '594a3b6b-3c52-4e33-b94a-fe64a2d0026a', 'PaymentType': 1, 'CardNumber': '012002'}
2023-09-10 04:44:24,504 - info_logger - INFO - Pedido 594a3b6b-3c52-4e33-b94a-fe64a2d0026a Processads :: Status 1
2023-09-10 04:45:09,129 - info_logger - INFO - Processando Pedido: {'OrderId': '40f5b46c-843f-403a-bb92-74552247738b', 'PaymentType': 1, 'CardNumber': '012002'}
2023-09-10 04:45:09,132 - info_logger - INFO - Pedido 40f5b46c-843f-403a-bb92-74552247738b Processads :: Status 1
2023-09-10 04:45:09,695 - info_logger - INFO - Processando Pedido: {'OrderId': '919e71a6-1f13-423a-b1a6-73803690ec41', 'PaymentType': 1, 'CardNumber': '012002'}
2023-09-10 04:45:09,696 - info_logger - INFO - Pedido 919e71a6-1f13-423a-b1a6-73803690ec41 Processads :: Status 1
2023-09-10 04:45:10,114 - info_logger - INFO - Processando Pedido: {'OrderId': '8d0c2efe-4866-46ae-bf08-3130a5505617', 'PaymentType': 1, 'CardNumber': '012002'}
2023-09-10 04:45:10,115 - info_logger - INFO - Pedido 8d0c2efe-4866-46ae-bf08-3130a5505617 Processads :: Status 1
2023-09-10 04:45:11,025 - info_logger - INFO - Processando Pedido: {'OrderId': 'e6b80ea0-b029-4340-b546-cc01d3b22686', 'PaymentType': 1, 'CardNumber': '012002'}
2023-09-10 04:45:11,026 - info_logger - INFO - Pedido e6b80ea0-b029-4340-b546-cc01d3b22686 Processads :: Status 1
2023-09-10 04:45:11,739 - info_logger - INFO - Processando Pedido: {'OrderId': '67d0b83d-6392-4b5a-ae93-9e17f552bf85', 'PaymentType': 1, 'CardNumber': '012002'}
2023-09-10 04:45:11,741 - info_logger - INFO - Pedido 67d0b83d-6392-4b5a-ae93-9e17f552bf85 Processads :: Status 1
2023-09-10 04:45:12,494 - info_logger - INFO - Processando Pedido: {'OrderId': '56f1d5b5-578d-46c8-bfb9-80fa20deec98', 'PaymentType': 1, 'CardNumber': '012002'}
2023-09-10 04:45:12,495 - info_logger - INFO - Pedido 56f1d5b5-578d-46c8-bfb9-80fa20deec98 Processads :: Status 1
2023-09-10 04:45:13,220 - info_logger - INFO - Processando Pedido: {'OrderId': '1a707d95-a56f-4f6d-aaa1-e36cfb6aef5a', 'PaymentType': 1, 'CardNumber': '012002'}
2023-09-10 04:45:13,221 - info_logger - INFO - Pedido 1a707d95-a56f-4f6d-aaa1-e36cfb6aef5a Processads :: Status 1
2023-09-10 04:45:13,911 - info_logger - INFO - Processando Pedido: {'OrderId': '695cc9b8-8fbe-4b1d-8856-2c5a5068ca45', 'PaymentType': 1, 'CardNumber': '012002'}
2023-09-10 04:45:13,913 - info_logger - INFO - Pedido 695cc9b8-8fbe-4b1d-8856-2c5a5068ca45 Processads :: Status 1
2023-09-10 04:45:14,569 - info_logger - INFO - Processando Pedido: {'OrderId': '21e90324-e28d-435a-a706-453e337dfd7e', 'PaymentType': 1, 'CardNumber': '012002'}
2023-09-10 04:45:14,570 - info_logger - INFO - Pedido 21e90324-e28d-435a-a706-453e337dfd7e Processads :: Status 1
2023-09-10 04:45:15,287 - info_logger - INFO - Processando Pedido: {'OrderId': 'fc0e24b3-da32-4618-a89a-11043e2deb90', 'PaymentType': 1, 'CardNumber': '012002'}
2023-09-10 04:45:15,287 - info_logger - INFO - Pedido fc0e24b3-da32-4618-a89a-11043e2deb90 Processads :: Status 1
2023-09-10 04:45:19,089 - info_logger - INFO - Processando Pedido: {'OrderId': '0df3cc29-50eb-4eec-bfaa-6c828dd1ca8d', 'PaymentType': 1, 'CardNumber': '0120021'}
2023-09-10 04:45:19,090 - info_logger - INFO - Pedido 0df3cc29-50eb-4eec-bfaa-6c828dd1ca8d Processads :: Status 1
2023-09-10 04:45:19,886 - info_logger - INFO - Processando Pedido: {'OrderId': '8aff620d-2300-43b2-bc53-ce7d6fcb7382', 'PaymentType': 1, 'CardNumber': '0120021'}
2023-09-10 04:45:19,887 - info_logger - INFO - Pedido 8aff620d-2300-43b2-bc53-ce7d6fcb7382 Processads :: Status 1
2023-09-10 04:45:20,526 - info_logger - INFO - Processando Pedido: {'OrderId': '03f2b059-8f33-4dab-94d2-f8cf3cdab06f', 'PaymentType': 1, 'CardNumber': '0120021'}
2023-09-10 04:45:20,527 - info_logger - INFO - Pedido 03f2b059-8f33-4dab-94d2-f8cf3cdab06f Processads :: Status 1
2023-09-10 04:45:21,264 - info_logger - INFO - Processando Pedido: {'OrderId': '2d1b3ee8-c540-43f7-8b3f-ddc6c7937b58', 'PaymentType': 1, 'CardNumber': '0120021'}
2023-09-10 04:45:21,265 - info_logger - INFO - Pedido 2d1b3ee8-c540-43f7-8b3f-ddc6c7937b58 Processads :: Status 1
2023-09-10 04:45:21,893 - info_logger - INFO - Processando Pedido: {'OrderId': 'ee3d5f0b-cab1-4231-b0ca-424f928dbed0', 'PaymentType': 1, 'CardNumber': '0120021'}
2023-09-10 04:45:21,894 - info_logger - INFO - Pedido ee3d5f0b-cab1-4231-b0ca-424f928dbed0 Processads :: Status 1
2023-09-10 04:45:22,738 - info_logger - INFO - Processando Pedido: {'OrderId': '045e6cfc-a388-4cf2-82ca-f07bf4e7d61f', 'PaymentType': 1, 'CardNumber': '0120021'}
2023-09-10 04:45:22,740 - info_logger - INFO - Pedido 045e6cfc-a388-4cf2-82ca-f07bf4e7d61f Processads :: Status 1
2023-09-10 04:45:23,517 - info_logger - INFO - Processando Pedido: {'OrderId': '3aae02fe-f72f-4ca5-a3ba-4d4a1cb44f03', 'PaymentType': 1, 'CardNumber': '0120021'}
2023-09-10 04:45:23,519 - info_logger - INFO - Pedido 3aae02fe-f72f-4ca5-a3ba-4d4a1cb44f03 Processads :: Status 1
2023-09-10 04:45:24,265 - info_logger - INFO - Processando Pedido: {'OrderId': 'd038b077-4034-4ee7-a594-0e498604ec69', 'PaymentType': 1, 'CardNumber': '0120021'}
2023-09-10 04:45:24,266 - info_logger - INFO - Pedido d038b077-4034-4ee7-a594-0e498604ec69 Processads :: Status 1
2023-09-10 04:45:25,018 - info_logger - INFO - Processando Pedido: {'OrderId': '95846ecd-c700-4fae-91eb-ae1b91c82758', 'PaymentType': 1, 'CardNumber': '0120021'}
2023-09-10 04:45:25,018 - info_logger - INFO - Pedido 95846ecd-c700-4fae-91eb-ae1b91c82758 Processads :: Status 1
2023-09-10 04:45:25,705 - info_logger - INFO - Processando Pedido: {'OrderId': 'cfe0d8c8-c729-41cc-8188-2383b39dba87', 'PaymentType': 1, 'CardNumber': '0120021'}
2023-09-10 04:45:25,706 - info_logger - INFO - Pedido cfe0d8c8-c729-41cc-8188-2383b39dba87 Processads :: Status 1
2023-09-10 04:45:50,067 - info_logger - INFO - Processando Pedido: {'OrderId': 'badd36da-a3a7-4046-a168-9e64099f5992', 'PaymentType': 2, 'CardNumber': '0120021'}
2023-09-10 04:45:52,068 - info_logger - INFO - Pedido badd36da-a3a7-4046-a168-9e64099f5992 Processado :: Status 2
2023-09-10 04:45:52,071 - info_logger - INFO - Processando Pedido: {'OrderId': '522e58cd-b869-456e-b8c7-251f53b59e21', 'PaymentType': 2, 'CardNumber': '0120021'}
2023-09-10 04:45:54,074 - info_logger - INFO - Pedido 522e58cd-b869-456e-b8c7-251f53b59e21 Processado :: Status 2
2023-09-10 04:45:54,076 - info_logger - INFO - Processando Pedido: {'OrderId': '0a1cffb1-854f-4e05-b4b4-ec1c48998768', 'PaymentType': 2, 'CardNumber': '0120021'}
2023-09-10 04:45:56,079 - info_logger - INFO - Pedido 0a1cffb1-854f-4e05-b4b4-ec1c48998768 Processado :: Status 2
2023-09-10 04:45:56,080 - info_logger - INFO - Processando Pedido: {'OrderId': '667588b5-99ac-4c4d-b9cf-f55a7d845207', 'PaymentType': 2, 'CardNumber': '0120021'}
2023-09-10 04:45:58,083 - info_logger - INFO - Pedido 667588b5-99ac-4c4d-b9cf-f55a7d845207 Processado :: Status 2
2023-09-10 04:45:58,086 - info_logger - INFO - Processando Pedido: {'OrderId': '23cfc83e-3c7d-4aa1-a43e-238f6d6d439b', 'PaymentType': 2, 'CardNumber': '0120021'}
2023-09-10 04:46:00,089 - info_logger - INFO - Pedido 23cfc83e-3c7d-4aa1-a43e-238f6d6d439b Processado :: Status 2
2023-09-10 04:46:00,091 - info_logger - INFO - Processando Pedido: {'OrderId': 'e319afb9-5208-4fd1-b17f-596215f785a2', 'PaymentType': 2, 'CardNumber': '0120021'}
2023-09-10 04:46:02,094 - info_logger - INFO - Pedido e319afb9-5208-4fd1-b17f-596215f785a2 Processado :: Status 2
2023-09-10 04:46:02,098 - info_logger - INFO - Processando Pedido: {'OrderId': 'b3bab41c-5537-4123-bbf3-284fef111a18', 'PaymentType': 2, 'CardNumber': '0120021'}
2023-09-10 04:46:04,101 - info_logger - INFO - Pedido b3bab41c-5537-4123-bbf3-284fef111a18 Processado :: Status 2
2023-09-10 04:46:04,103 - info_logger - INFO - Processando Pedido: {'OrderId': '2d620ef4-f5f9-4098-9511-a66db170cbcb', 'PaymentType': 2, 'CardNumber': '0120021'}
2023-09-10 04:46:06,105 - info_logger - INFO - Pedido 2d620ef4-f5f9-4098-9511-a66db170cbcb Processado :: Status 2
2023-09-10 04:46:06,107 - info_logger - INFO - Processando Pedido: {'OrderId': '6a3e17a3-c878-4a95-a9a6-dcc7f5cfdec5', 'PaymentType': 2, 'CardNumber': '0120021'}
2023-09-10 04:46:08,110 - info_logger - INFO - Pedido 6a3e17a3-c878-4a95-a9a6-dcc7f5cfdec5 Processado :: Status 2
2023-09-10 04:46:08,111 - info_logger - INFO - Processando Pedido: {'OrderId': '51cb9156-09ab-4586-b0e1-b83e577a9e7c', 'PaymentType': 2, 'CardNumber': '0120021'}
2023-09-10 04:46:10,115 - info_logger - INFO - Pedido 51cb9156-09ab-4586-b0e1-b83e577a9e7c Processado :: Status 2
2023-09-10 04:46:10,116 - info_logger - INFO - Processando Pedido: {'OrderId': 'e4eca5ab-98df-4220-abfe-f8c2eb8e6b04', 'PaymentType': 2, 'CardNumber': '0120021'}
2023-09-10 04:46:12,119 - info_logger - INFO - Pedido e4eca5ab-98df-4220-abfe-f8c2eb8e6b04 Processado :: Status 2
2023-09-10 04:46:12,121 - info_logger - INFO - Processando Pedido: {'OrderId': 'f0eb03d6-5515-4c52-a6f9-dc5ae5566bc3', 'PaymentType': 2, 'CardNumber': '0120021'}
2023-09-10 04:46:14,125 - info_logger - INFO - Pedido f0eb03d6-5515-4c52-a6f9-dc5ae5566bc3 Processado :: Status 2
2023-09-10 04:46:14,126 - info_logger - INFO - Processando Pedido: {'OrderId': '8b3d9353-0483-44bb-97a8-0e11ee735583', 'PaymentType': 2, 'CardNumber': '0120021'}
2023-09-10 04:46:16,128 - info_logger - INFO - Pedido 8b3d9353-0483-44bb-97a8-0e11ee735583 Processado :: Status 2
2023-09-10 04:46:16,130 - info_logger - INFO - Processando Pedido: {'OrderId': '77f95d55-ed0c-4fe2-9cd8-b948ca79e3a9', 'PaymentType': 2, 'CardNumber': '0120021'}
2023-09-10 04:46:18,133 - info_logger - INFO - Pedido 77f95d55-ed0c-4fe2-9cd8-b948ca79e3a9 Processado :: Status 2
2023-09-10 04:46:18,134 - info_logger - INFO - Processando Pedido: {'OrderId': '8e548147-97ad-49ba-848d-1b5d255827ca', 'PaymentType': 2, 'CardNumber': '0120021'}
2023-09-10 04:46:20,137 - info_logger - INFO - Pedido 8e548147-97ad-49ba-848d-1b5d255827ca Processado :: Status 2
2023-09-10 04:46:20,140 - info_logger - INFO - Processando Pedido: {'OrderId': '9ac68231-eb9c-465c-914a-c4b721732067', 'PaymentType': 2, 'CardNumber': '0120021'}
2023-09-10 04:46:22,144 - info_logger - INFO - Pedido 9ac68231-eb9c-465c-914a-c4b721732067 Processado :: Status 2
2023-09-10 04:46:22,146 - info_logger - INFO - Processando Pedido: {'OrderId': 'bee4e5e3-d454-4b53-9a2b-72398479d7fb', 'PaymentType': 2, 'CardNumber': '0120021'}
2023-09-10 04:46:24,150 - info_logger - INFO - Pedido bee4e5e3-d454-4b53-9a2b-72398479d7fb Processado :: Status 2
2023-09-10 04:46:24,152 - info_logger - INFO - Processando Pedido: {'OrderId': 'f29e705b-f707-432f-ab08-3e17b81975bb', 'PaymentType': 2, 'CardNumber': '0120021'}
2023-09-10 04:46:26,156 - info_logger - INFO - Pedido f29e705b-f707-432f-ab08-3e17b81975bb Processado :: Status 2
2023-09-10 04:46:26,157 - info_logger - INFO - Processando Pedido: {'OrderId': '9919ed3a-38db-4b63-81b5-c75fdbb68ff5', 'PaymentType': 2, 'CardNumber': '0120021'}
2023-09-10 04:46:28,160 - info_logger - INFO - Pedido 9919ed3a-38db-4b63-81b5-c75fdbb68ff5 Processado :: Status 2
2023-09-10 04:46:28,163 - info_logger - INFO - Processando Pedido: {'OrderId': '337913c0-26a3-460d-a0eb-506321c8f21b', 'PaymentType': 2, 'CardNumber': '0120021'}
2023-09-10 04:46:30,167 - info_logger - INFO - Pedido 337913c0-26a3-460d-a0eb-506321c8f21b Processado :: Status 2
2023-09-10 04:46:30,169 - info_logger - INFO - Processando Pedido: {'OrderId': '1d053eb1-05a2-48e7-87b8-5c4619084206', 'PaymentType': 2, 'CardNumber': '0120021'}
2023-09-10 04:46:32,173 - info_logger - INFO - Pedido 1d053eb1-05a2-48e7-87b8-5c4619084206 Processado :: Status 2
2023-09-10 04:46:32,174 - info_logger - INFO - Processando Pedido: {'OrderId': 'cdae2ae7-0d50-45fc-9e9c-f92b20768fa4', 'PaymentType': 2, 'CardNumber': '0120021'}
2023-09-10 04:46:34,177 - info_logger - INFO - Pedido cdae2ae7-0d50-45fc-9e9c-f92b20768fa4 Processado :: Status 2
2023-09-10 04:46:34,180 - info_logger - INFO - Processando Pedido: {'OrderId': '4655f355-1635-4fba-878f-23c31066fed7', 'PaymentType': 2, 'CardNumber': '0120021'}
2023-09-10 04:46:36,183 - info_logger - INFO - Pedido 4655f355-1635-4fba-878f-23c31066fed7 Processado :: Status 2
2023-09-10 04:46:36,184 - info_logger - INFO - Processando Pedido: {'OrderId': '3ccdaa8f-d205-4068-b925-c0a5ac913bee', 'PaymentType': 2, 'CardNumber': '0120021'}
2023-09-10 04:46:38,187 - info_logger - INFO - Pedido 3ccdaa8f-d205-4068-b925-c0a5ac913bee Processado :: Status 2
2023-09-10 04:46:38,189 - info_logger - INFO - Processando Pedido: {'OrderId': '93ac89dd-5088-4fc5-b554-f102a306bd04', 'PaymentType': 2, 'CardNumber': '0120021'}
2023-09-10 04:46:40,192 - info_logger - INFO - Pedido 93ac89dd-5088-4fc5-b554-f102a306bd04 Processado :: Status 2
2023-09-10 04:46:40,195 - info_logger - INFO - Processando Pedido: {'OrderId': '15e237ff-6bd8-4bd7-b371-0ddbd8c014f6', 'PaymentType': 2, 'CardNumber': '0120021'}
2023-09-10 04:46:42,198 - info_logger - INFO - Pedido 15e237ff-6bd8-4bd7-b371-0ddbd8c014f6 Processado :: Status 2
2023-09-10 04:46:42,201 - info_logger - INFO - Processando Pedido: {'OrderId': '38ab4f09-7179-42b9-9ad3-3e9997d6a7a3', 'PaymentType': 2, 'CardNumber': '0120021'}
2023-09-10 04:46:44,204 - info_logger - INFO - Pedido 38ab4f09-7179-42b9-9ad3-3e9997d6a7a3 Processado :: Status 2
2023-09-10 04:46:44,205 - info_logger - INFO - Processando Pedido: {'OrderId': '5bf949b7-0e05-40d7-b3a5-f4e10cda2b16', 'PaymentType': 2, 'CardNumber': '0120021'}
2023-09-10 04:46:46,209 - info_logger - INFO - Pedido 5bf949b7-0e05-40d7-b3a5-f4e10cda2b16 Processado :: Status 2
2023-09-10 04:46:46,211 - info_logger - INFO - Processando Pedido: {'OrderId': 'ee2af892-cbfa-410c-90a1-781b8446d0d0', 'PaymentType': 2, 'CardNumber': '0120021'}
2023-09-10 04:46:48,215 - info_logger - INFO - Pedido ee2af892-cbfa-410c-90a1-781b8446d0d0 Processado :: Status 2
2023-09-10 04:46:48,218 - info_logger - INFO - Processando Pedido: {'OrderId': '7012ecc2-d7ba-477f-a56e-c25d37f31740', 'PaymentType': 2, 'CardNumber': '0120021'}
2023-09-10 04:46:50,222 - info_logger - INFO - Pedido 7012ecc2-d7ba-477f-a56e-c25d37f31740 Processado :: Status 2
2023-09-10 04:46:50,224 - info_logger - INFO - Processando Pedido: {'OrderId': 'a36de1e0-f8ab-4179-92c8-ed129b8b7d84', 'PaymentType': 2, 'CardNumber': '0120021'}
2023-09-10 04:46:52,228 - info_logger - INFO - Pedido a36de1e0-f8ab-4179-92c8-ed129b8b7d84 Processado :: Status 2
2023-09-10 04:46:52,231 - info_logger - INFO - Processando Pedido: {'OrderId': '3021b3f5-c69a-4adc-99df-b582b8ebf351', 'PaymentType': 2, 'CardNumber': '0120021'}
